              :-) GROMACS - gmx mdrun, 2023.5-plumed_2.9.2-dev (-:

Copyright 1991-2023 The GROMACS Authors.
GROMACS is free software; you can redistribute it and/or modify it
under the terms of the GNU Lesser General Public License
as published by the Free Software Foundation; either version 2.1
of the License, or (at your option) any later version.

                         Current GROMACS contributors:
       Mark Abraham           Andrey Alekseenko           Cathrine Bergh      
      Christian Blau            Eliane Briand             Mahesh Doijade      
    Stefan Fleischmann           Vytas Gapsys              Gaurav Garg        
      Sergey Gorelov         Gilles Gouaillardet            Alan Gray         
     M. Eric Irrgang         Farzaneh Jalalypour            Joe Jordan        
    Christoph Junghans        Prashanth Kanduri          Sebastian Keller     
     Carsten Kutzner           Justin A. Lemkul          Magnus Lundborg      
       Pascal Merz              Vedran Miletic            Dmitry Morozov      
       Szilard Pall             Roland Schulz             Michael Shirts      
     Alexey Shvetsov            Balint Soproni         David van der Spoel    
      Philip Turner             Carsten Uphoff           Alessandra Villa     
 Sebastian Wingbermuehle        Artem Zhmurov       

                         Previous GROMACS contributors:
        Emile Apol             Rossen Apostolov           James Barnett       
  Herman J.C. Berendsen          Par Bjelkmar           Viacheslav Bolnykh    
        Kevin Boyd            Aldert van Buuren          Carlo Camilloni      
     Rudi van Drunen            Anton Feenstra           Oliver Fleetwood     
     Gerrit Groenhof            Bert de Groot             Anca Hamuraru       
    Vincent Hindriksen          Victor Holanda           Aleksei Iupinov      
   Dimitrios Karkoulis           Peter Kasson             Sebastian Kehl      
        Jiri Kraus               Per Larsson              Viveca Lindahl      
      Erik Marklund           Pieter Meulenhoff           Teemu Murtola       
       Sander Pronk             Alfons Sijbers            Peter Tieleman      
       Jon Vincent             Teemu Virolainen         Christian Wennberg    
       Maarten Wolf       

                  Coordinated by the GROMACS project leaders:
                    Paul Bauer, Berk Hess, and Erik Lindahl

GROMACS:      gmx mdrun, version 2023.5-plumed_2.9.2-dev
Executable:   /usr/local/gromacs/bin/gmx
Data prefix:  /usr/local/gromacs
Working dir:  /home/kashitza/Proteins /6x1A
Process ID:   4766
Command line:
  gmx mdrun -deffnm md_0_1

GROMACS version:    2023.5-plumed_2.9.2-dev
Precision:          mixed
Memory model:       64 bit
MPI library:        none
OpenMP support:     enabled (GMX_OPENMP_MAX_THREADS = 128)
GPU support:        disabled
SIMD instructions:  AVX2_256
CPU FFT library:    fftw-3.3.8-sse2-avx-avx2-avx2_128
GPU FFT library:    none
Multi-GPU FFT:      none
RDTSCP usage:       enabled
TNG support:        enabled
Hwloc support:      disabled
Tracing support:    disabled
C compiler:         /usr/bin/cc GNU 9.5.0
C compiler flags:   -Wno-array-bounds -fexcess-precision=fast -funroll-all-loops -mavx2 -mfma -Wall -Wno-unused -Wunused-value -Wunused-parameter -Wextra -Wno-sign-compare -Wpointer-arith -Wundef -Werror=stringop-truncation -Wno-missing-field-initializers -O3 -DNDEBUG
C++ compiler:       /usr/bin/c++ GNU 9.5.0
C++ compiler flags: -Wno-array-bounds -fexcess-precision=fast -funroll-all-loops -mavx2 -mfma -Wall -Wextra -Wpointer-arith -Wmissing-declarations -Wundef -Wstringop-truncation -Wno-missing-field-initializers -Wno-cast-function-type-strict SHELL:-fopenmp -O3 -DNDEBUG
BLAS library:       Internal
LAPACK library:     Internal


Running on 1 node with total 6 cores, 12 processing units
Hardware detected on host kazhetza:
  CPU info:
    Vendor: AMD
    Brand:  AMD Ryzen 5 5500U with Radeon Graphics         
    Family: 23   Model: 104   Stepping: 1
    Features: aes amd apic avx avx2 clfsh cmov cx8 cx16 f16c fma htt lahf misalignsse mmx msr nonstop_tsc pclmuldq pdpe1gb popcnt pse rdrnd rdtscp sha sse2 sse3 sse4a sse4.1 sse4.2 ssse3
  Hardware topology: Basic
    Packages, cores, and logical processors:
    [indices refer to OS logical processors]
      Package  0: [   0   1] [   2   3] [   4   5] [   6   7] [   8   9] [  10  11]
    CPU limit set by OS: -1   Recommended max number of threads: 12


++++ PLEASE READ AND CITE THE FOLLOWING REFERENCE ++++
M. J. Abraham, T. Murtola, R. Schulz, S. Páll, J. C. Smith, B. Hess, E.
Lindahl
GROMACS: High performance molecular simulations through multi-level
parallelism from laptops to supercomputers
SoftwareX 1 (2015) pp. 19-25
-------- -------- --- Thank You --- -------- --------


++++ PLEASE READ AND CITE THE FOLLOWING REFERENCE ++++
S. Páll, M. J. Abraham, C. Kutzner, B. Hess, E. Lindahl
Tackling Exascale Software Challenges in Molecular Dynamics Simulations with
GROMACS
In S. Markidis & E. Laure (Eds.), Solving Software Challenges for Exascale 8759 (2015) pp. 3-27
-------- -------- --- Thank You --- -------- --------


++++ PLEASE READ AND CITE THE FOLLOWING REFERENCE ++++
S. Pronk, S. Páll, R. Schulz, P. Larsson, P. Bjelkmar, R. Apostolov, M. R.
Shirts, J. C. Smith, P. M. Kasson, D. van der Spoel, B. Hess, and E. Lindahl
GROMACS 4.5: a high-throughput and highly parallel open source molecular
simulation toolkit
Bioinformatics 29 (2013) pp. 845-54
-------- -------- --- Thank You --- -------- --------


++++ PLEASE READ AND CITE THE FOLLOWING REFERENCE ++++
B. Hess and C. Kutzner and D. van der Spoel and E. Lindahl
GROMACS 4: Algorithms for highly efficient, load-balanced, and scalable
molecular simulation
J. Chem. Theory Comput. 4 (2008) pp. 435-447
-------- -------- --- Thank You --- -------- --------


++++ PLEASE READ AND CITE THE FOLLOWING REFERENCE ++++
D. van der Spoel, E. Lindahl, B. Hess, G. Groenhof, A. E. Mark and H. J. C.
Berendsen
GROMACS: Fast, Flexible and Free
J. Comp. Chem. 26 (2005) pp. 1701-1719
-------- -------- --- Thank You --- -------- --------


++++ PLEASE READ AND CITE THE FOLLOWING REFERENCE ++++
E. Lindahl and B. Hess and D. van der Spoel
GROMACS 3.0: A package for molecular simulation and trajectory analysis
J. Mol. Mod. 7 (2001) pp. 306-317
-------- -------- --- Thank You --- -------- --------


++++ PLEASE READ AND CITE THE FOLLOWING REFERENCE ++++
H. J. C. Berendsen, D. van der Spoel and R. van Drunen
GROMACS: A message-passing parallel molecular dynamics implementation
Comp. Phys. Comm. 91 (1995) pp. 43-56
-------- -------- --- Thank You --- -------- --------

Input Parameters:
   integrator                     = md
   tinit                          = 0
   dt                             = 0.002
   nsteps                         = 500000
   init-step                      = 0
   simulation-part                = 1
   mts                            = false
   comm-mode                      = Linear
   nstcomm                        = 100
   bd-fric                        = 0
   ld-seed                        = 1597855141
   emtol                          = 10
   emstep                         = 0.01
   niter                          = 20
   fcstep                         = 0
   nstcgsteep                     = 1000
   nbfgscorr                      = 10
   rtpi                           = 0.05
   nstxout                        = 0
   nstvout                        = 0
   nstfout                        = 0
   nstlog                         = 5000
   nstcalcenergy                  = 100
   nstenergy                      = 5000
   nstxout-compressed             = 5000
   compressed-x-precision         = 1000
   cutoff-scheme                  = Verlet
   nstlist                        = 10
   pbc                            = xyz
   periodic-molecules             = false
   verlet-buffer-tolerance        = 0.005
   rlist                          = 1
   coulombtype                    = PME
   coulomb-modifier               = Potential-shift
   rcoulomb-switch                = 0
   rcoulomb                       = 1
   epsilon-r                      = 1
   epsilon-rf                     = inf
   vdw-type                       = Cut-off
   vdw-modifier                   = Potential-shift
   rvdw-switch                    = 0
   rvdw                           = 1
   DispCorr                       = EnerPres
   table-extension                = 1
   fourierspacing                 = 0.16
   fourier-nx                     = 80
   fourier-ny                     = 80
   fourier-nz                     = 80
   pme-order                      = 4
   ewald-rtol                     = 1e-05
   ewald-rtol-lj                  = 0.001
   lj-pme-comb-rule               = Geometric
   ewald-geometry                 = 3d
   epsilon-surface                = 0
   ensemble-temperature-setting   = constant
   ensemble-temperature           = 300
   tcoupl                         = V-rescale
   nsttcouple                     = 10
   nh-chain-length                = 0
   print-nose-hoover-chain-variables = false
   pcoupl                         = Parrinello-Rahman
   pcoupltype                     = Isotropic
   nstpcouple                     = 50
   tau-p                          = 2
   compressibility (3x3):
      compressibility[    0]={ 4.50000e-05,  0.00000e+00,  0.00000e+00}
      compressibility[    1]={ 0.00000e+00,  4.50000e-05,  0.00000e+00}
      compressibility[    2]={ 0.00000e+00,  0.00000e+00,  4.50000e-05}
   ref-p (3x3):
      ref-p[    0]={ 1.00000e+00,  0.00000e+00,  0.00000e+00}
      ref-p[    1]={ 0.00000e+00,  1.00000e+00,  0.00000e+00}
      ref-p[    2]={ 0.00000e+00,  0.00000e+00,  1.00000e+00}
   refcoord-scaling               = No
   posres-com (3):
      posres-com[0]= 0.00000e+00
      posres-com[1]= 0.00000e+00
      posres-com[2]= 0.00000e+00
   posres-comB (3):
      posres-comB[0]= 0.00000e+00
      posres-comB[1]= 0.00000e+00
      posres-comB[2]= 0.00000e+00
   QMMM                           = false
qm-opts:
   ngQM                           = 0
   constraint-algorithm           = Lincs
   continuation                   = true
   Shake-SOR                      = false
   shake-tol                      = 0.0001
   lincs-order                    = 4
   lincs-iter                     = 1
   lincs-warnangle                = 30
   nwall                          = 0
   wall-type                      = 9-3
   wall-r-linpot                  = -1
   wall-atomtype[0]               = -1
   wall-atomtype[1]               = -1
   wall-density[0]                = 0
   wall-density[1]                = 0
   wall-ewald-zfac                = 3
   pull                           = false
   awh                            = false
   rotation                       = false
   interactiveMD                  = false
   disre                          = No
   disre-weighting                = Conservative
   disre-mixed                    = false
   dr-fc                          = 1000
   dr-tau                         = 0
   nstdisreout                    = 100
   orire-fc                       = 0
   orire-tau                      = 0
   nstorireout                    = 100
   free-energy                    = no
   cos-acceleration               = 0
   deform (3x3):
      deform[    0]={ 0.00000e+00,  0.00000e+00,  0.00000e+00}
      deform[    1]={ 0.00000e+00,  0.00000e+00,  0.00000e+00}
      deform[    2]={ 0.00000e+00,  0.00000e+00,  0.00000e+00}
   simulated-tempering            = false
   swapcoords                     = no
   userint1                       = 0
   userint2                       = 0
   userint3                       = 0
   userint4                       = 0
   userreal1                      = 0
   userreal2                      = 0
   userreal3                      = 0
   userreal4                      = 0
   applied-forces:
     electric-field:
       x:
         E0                       = 0
         omega                    = 0
         t0                       = 0
         sigma                    = 0
       y:
         E0                       = 0
         omega                    = 0
         t0                       = 0
         sigma                    = 0
       z:
         E0                       = 0
         omega                    = 0
         t0                       = 0
         sigma                    = 0
     density-guided-simulation:
       active                     = false
       group                      = protein
       similarity-measure         = inner-product
       atom-spreading-weight      = unity
       force-constant             = 1e+09
       gaussian-transform-spreading-width = 0.2
       gaussian-transform-spreading-range-in-multiples-of-width = 4
       reference-density-filename = reference.mrc
       nst                        = 1
       normalize-densities        = true
       adaptive-force-scaling     = false
       adaptive-force-scaling-time-constant = 4
       shift-vector               = 
       transformation-matrix      = 
     qmmm-cp2k:
       active                     = false
       qmgroup                    = System
       qmmethod                   = PBE
       qmfilenames                = 
       qmcharge                   = 0
       qmmultiplicity             = 1
grpopts:
   nrdf:     17717.9      391293
   ref-t:         300         300
   tau-t:         0.1         0.1
annealing:          No          No
annealing-npoints:           0           0
   acc:	           0           0           0
   nfreeze:           N           N           N
   energygrp-flags[  0]: 0

Changing nstlist from 10 to 40, rlist from 1 to 1.097


Initializing Domain Decomposition on 1 ranks
Dynamic load balancing: auto
Using update groups, nr 68777, average size 2.9 atoms, max. radius 0.103 nm
Minimum cell size due to atom displacement: 0.356 nm
Initial maximum distances in bonded interactions:
    two-body bonded interactions: 0.454 nm, LJ-14, atoms 3740 4912
  multi-body bonded interactions: 0.454 nm, Ryckaert-Bell., atoms 4912 3740
Minimum cell size due to bonded interactions: 0.499 nm
Using 0 separate PME ranks because: there are too few total ranks for efficient splitting
Optimizing the DD grid for 1 cells with a minimum initial size of 0.499 nm
The maximum allowed number of cells is: X 25 Y 25 Z 25
Domain decomposition grid 1 x 1 x 1, separate PME ranks 0
PME domain decomposition: 1 x 1 x 1

The initial number of communication pulses is:
The initial domain decomposition cell size is:

The maximum allowed distance for atom groups involved in interactions is:
                 non-bonded interactions           1.304 nm
(the following are initial values, they could change due to box deformation)
            two-body bonded interactions  (-rdd)   1.304 nm
          multi-body bonded interactions  (-rdd)   1.304 nm

When dynamic load balancing gets turned on, these settings will change to:
The maximum number of communication pulses is:
The minimum size for domain decomposition cells is 1.304 nm
The requested allowed shrink of DD cells (option -dds) is: 0.80
The allowed shrink of domain decomposition cells is:
The maximum allowed distance for atom groups involved in interactions is:
                 non-bonded interactions           1.304 nm
            two-body bonded interactions  (-rdd)   1.304 nm
          multi-body bonded interactions  (-rdd)   1.304 nm

Using 12 OpenMP threads 

System total charge: -0.000
Will do PME sum in reciprocal space for electrostatic interactions.

++++ PLEASE READ AND CITE THE FOLLOWING REFERENCE ++++
U. Essmann, L. Perera, M. L. Berkowitz, T. Darden, H. Lee and L. G. Pedersen 
A smooth particle mesh Ewald method
J. Chem. Phys. 103 (1995) pp. 8577-8592
-------- -------- --- Thank You --- -------- --------

Using a Gaussian width (1/beta) of 0.320163 nm for Ewald
Potential shift: LJ r^-12: -1.000e+00 r^-6: -1.000e+00, Ewald -1.000e-05
Initialized non-bonded Coulomb Ewald tables, spacing: 9.33e-04 size: 1073

Generated table with 1048 data points for 1-4 COUL.
Tabscale = 500 points/nm
Generated table with 1048 data points for 1-4 LJ6.
Tabscale = 500 points/nm
Generated table with 1048 data points for 1-4 LJ12.
Tabscale = 500 points/nm
Long Range LJ corr.: <C6> 3.0689e-04


Using SIMD 4x8 nonbonded short-range kernels

Using a dual 4x8 pair-list setup updated with dynamic pruning:
  outer list: updated every 40 steps, buffer 0.097 nm, rlist 1.097 nm
  inner list: updated every 12 steps, buffer 0.003 nm, rlist 1.003 nm
At tolerance 0.005 kJ/mol/ps per atom, equivalent classical 1x1 list would be:
  outer list: updated every 40 steps, buffer 0.212 nm, rlist 1.212 nm
  inner list: updated every 12 steps, buffer 0.048 nm, rlist 1.048 nm

The non-bonded pair calculation algorithm tolerates a few missing pair interactions close to the cut-off. This can lead to a systematic overestimation of the pressure due to missing LJ interactions. The error in the average pressure due to missing LJ interactions is at most 0.32 bar.
The pressure error can be controlled by setting the environment variable GMX_VERLET_BUFFER_PRESSURE_TOLERANCE to the allowed error in units of bar.

Using Geometric Lennard-Jones combination rule

Linking all bonded interactions to atoms


Pinning threads with an auto-selected logical cpu stride of 1

Initializing LINear Constraint Solver

++++ PLEASE READ AND CITE THE FOLLOWING REFERENCE ++++
B. Hess and H. Bekker and H. J. C. Berendsen and J. G. E. M. Fraaije
LINCS: A Linear Constraint Solver for molecular simulations
J. Comp. Chem. 18 (1997) pp. 1463-1472
-------- -------- --- Thank You --- -------- --------

The number of constraints is 3519

++++ PLEASE READ AND CITE THE FOLLOWING REFERENCE ++++
S. Miyamoto and P. A. Kollman
SETTLE: An Analytical Version of the SHAKE and RATTLE Algorithms for Rigid
Water Models
J. Comp. Chem. 13 (1992) pp. 952-962
-------- -------- --- Thank You --- -------- --------


++++ PLEASE READ AND CITE THE FOLLOWING REFERENCE ++++
G. Bussi, D. Donadio and M. Parrinello
Canonical sampling through velocity rescaling
J. Chem. Phys. 126 (2007) pp. 014101
-------- -------- --- Thank You --- -------- --------

There are: 202726 Atoms
Atom distribution over 1 domains: av 202726 stddev 0 min 202726 max 202726
Center of mass motion removal mode is Linear
We have the following groups for center of mass motion removal:
  0:  rest

Started mdrun on rank 0 Mon Feb 10 12:20:27 2025

           Step           Time
              0        0.00000

   Energies (kJ/mol)
           Bond          Angle    Proper Dih. Ryckaert-Bell.          LJ-14
    5.13486e+03    1.40541e+04    8.34415e+02    8.33318e+03    9.88011e+03
     Coulomb-14        LJ (SR)  Disper. corr.   Coulomb (SR)   Coul. recip.
    4.02686e+04    5.86036e+05   -2.62029e+04   -3.77527e+06    1.67798e+04
      Potential    Kinetic En.   Total Energy  Conserved En.    Temperature
   -3.12016e+06    5.08504e+05   -2.61165e+06   -2.61153e+06    2.99058e+02
 Pres. DC (bar) Pressure (bar)   Constr. rmsd
   -2.16317e+02    8.87091e+01    3.61634e-06

           Step           Time
           5000       10.00000

   Energies (kJ/mol)
           Bond          Angle    Proper Dih. Ryckaert-Bell.          LJ-14
    5.35192e+03    1.40765e+04    8.57133e+02    7.91130e+03    9.89920e+03
     Coulomb-14        LJ (SR)  Disper. corr.   Coulomb (SR)   Coul. recip.
    4.03609e+04    5.86930e+05   -2.61557e+04   -3.77702e+06    1.70085e+04
      Potential    Kinetic En.   Total Energy  Conserved En.    Temperature
   -3.12078e+06    5.09383e+05   -2.61140e+06   -2.61062e+06    2.99575e+02
 Pres. DC (bar) Pressure (bar)   Constr. rmsd
   -2.15540e+02    4.22391e+01    3.64429e-06

           Step           Time
          10000       20.00000

   Energies (kJ/mol)
           Bond          Angle    Proper Dih. Ryckaert-Bell.          LJ-14
    5.22240e+03    1.39472e+04    8.62568e+02    7.74788e+03    9.82193e+03
     Coulomb-14        LJ (SR)  Disper. corr.   Coulomb (SR)   Coul. recip.
    4.02493e+04    5.87065e+05   -2.61606e+04   -3.77734e+06    1.68207e+04
      Potential    Kinetic En.   Total Energy  Conserved En.    Temperature
   -3.12176e+06    5.08528e+05   -2.61324e+06   -2.60999e+06    2.99072e+02
 Pres. DC (bar) Pressure (bar)   Constr. rmsd
   -2.15621e+02    4.71644e+01    3.48020e-06

           Step           Time
          15000       30.00000

   Energies (kJ/mol)
           Bond          Angle    Proper Dih. Ryckaert-Bell.          LJ-14
    5.40215e+03    1.39244e+04    8.97974e+02    7.68362e+03    9.88308e+03
     Coulomb-14        LJ (SR)  Disper. corr.   Coulomb (SR)   Coul. recip.
    4.02422e+04    5.86186e+05   -2.60770e+04   -3.77355e+06    1.71089e+04
      Potential    Kinetic En.   Total Energy  Conserved En.    Temperature
   -3.11830e+06    5.10104e+05   -2.60820e+06   -2.60951e+06    2.99999e+02
 Pres. DC (bar) Pressure (bar)   Constr. rmsd
   -2.14247e+02   -1.24006e+01    3.45036e-06

           Step           Time
          20000       40.00000

   Energies (kJ/mol)
           Bond          Angle    Proper Dih. Ryckaert-Bell.          LJ-14
    5.26622e+03    1.38235e+04    8.58021e+02    7.77144e+03    9.73797e+03
     Coulomb-14        LJ (SR)  Disper. corr.   Coulomb (SR)   Coul. recip.
    4.01572e+04    5.86104e+05   -2.61468e+04   -3.77459e+06    1.68116e+04
      Potential    Kinetic En.   Total Energy  Conserved En.    Temperature
   -3.12020e+06    5.08991e+05   -2.61121e+06   -2.60888e+06    2.99344e+02
 Pres. DC (bar) Pressure (bar)   Constr. rmsd
   -2.15394e+02    2.63419e+01    3.64557e-06

Writing checkpoint, step 23920 at Mon Feb 10 12:35:29 2025


           Step           Time
          25000       50.00000

   Energies (kJ/mol)
           Bond          Angle    Proper Dih. Ryckaert-Bell.          LJ-14
    5.22375e+03    1.43223e+04    8.04068e+02    7.37094e+03    9.82567e+03
     Coulomb-14        LJ (SR)  Disper. corr.   Coulomb (SR)   Coul. recip.
    4.01831e+04    5.86166e+05   -2.61589e+04   -3.77481e+06    1.66787e+04
      Potential    Kinetic En.   Total Energy  Conserved En.    Temperature
   -3.12040e+06    5.09339e+05   -2.61106e+06   -2.60847e+06    2.99549e+02
 Pres. DC (bar) Pressure (bar)   Constr. rmsd
   -2.15593e+02    8.86677e+01    3.54000e-06

           Step           Time
          30000       60.00000

   Energies (kJ/mol)
           Bond          Angle    Proper Dih. Ryckaert-Bell.          LJ-14
    5.52755e+03    1.37667e+04    8.58645e+02    7.66431e+03    9.80539e+03
     Coulomb-14        LJ (SR)  Disper. corr.   Coulomb (SR)   Coul. recip.
    4.00207e+04    5.83083e+05   -2.61253e+04   -3.76886e+06    1.69802e+04
      Potential    Kinetic En.   Total Energy  Conserved En.    Temperature
   -3.11728e+06    5.09739e+05   -2.60754e+06   -2.60804e+06    2.99784e+02
 Pres. DC (bar) Pressure (bar)   Constr. rmsd
   -2.15041e+02    7.73053e+00    3.55608e-06

           Step           Time
          35000       70.00000

   Energies (kJ/mol)
           Bond          Angle    Proper Dih. Ryckaert-Bell.          LJ-14
    5.42896e+03    1.42379e+04    8.98491e+02    7.74873e+03    9.79583e+03
     Coulomb-14        LJ (SR)  Disper. corr.   Coulomb (SR)   Coul. recip.
    4.01316e+04    5.86276e+05   -2.61850e+04   -3.77492e+06    1.67933e+04
      Potential    Kinetic En.   Total Energy  Conserved En.    Temperature
   -3.11979e+06    5.10240e+05   -2.60955e+06   -2.60752e+06    3.00079e+02
 Pres. DC (bar) Pressure (bar)   Constr. rmsd
   -2.16023e+02    3.15733e+01    3.47759e-06

           Step           Time
          40000       80.00000

   Energies (kJ/mol)
           Bond          Angle    Proper Dih. Ryckaert-Bell.          LJ-14
    5.44886e+03    1.41745e+04    8.28342e+02    7.77536e+03    9.69509e+03
     Coulomb-14        LJ (SR)  Disper. corr.   Coulomb (SR)   Coul. recip.
    4.02761e+04    5.85126e+05   -2.61651e+04   -3.77563e+06    1.67252e+04
      Potential    Kinetic En.   Total Energy  Conserved En.    Temperature
   -3.12175e+06    5.10512e+05   -2.61124e+06   -2.60692e+06    3.00238e+02
 Pres. DC (bar) Pressure (bar)   Constr. rmsd
   -2.15694e+02   -2.51208e+01    3.66852e-06

           Step           Time
          45000       90.00000

   Energies (kJ/mol)
           Bond          Angle    Proper Dih. Ryckaert-Bell.          LJ-14
    5.32452e+03    1.41456e+04    7.97173e+02    7.62281e+03    9.81911e+03
     Coulomb-14        LJ (SR)  Disper. corr.   Coulomb (SR)   Coul. recip.
    4.03392e+04    5.83997e+05   -2.61275e+04   -3.77061e+06    1.68671e+04
      Potential    Kinetic En.   Total Energy  Conserved En.    Temperature
   -3.11782e+06    5.09669e+05   -2.60815e+06   -2.60640e+06    2.99743e+02
 Pres. DC (bar) Pressure (bar)   Constr. rmsd
   -2.15076e+02   -3.59038e+01    3.51323e-06

Writing checkpoint, step 48040 at Mon Feb 10 12:50:28 2025


           Step           Time
          50000      100.00000

   Energies (kJ/mol)
           Bond          Angle    Proper Dih. Ryckaert-Bell.          LJ-14
    5.47813e+03    1.41354e+04    8.16363e+02    7.51138e+03    9.81666e+03
     Coulomb-14        LJ (SR)  Disper. corr.   Coulomb (SR)   Coul. recip.
    4.01941e+04    5.81484e+05   -2.60677e+04   -3.76987e+06    1.68968e+04
      Potential    Kinetic En.   Total Energy  Conserved En.    Temperature
   -3.11961e+06    5.08964e+05   -2.61064e+06   -2.60591e+06    2.99328e+02
 Pres. DC (bar) Pressure (bar)   Constr. rmsd
   -2.14094e+02   -1.58565e+02    3.45981e-06

           Step           Time
          55000      110.00000

   Energies (kJ/mol)
           Bond          Angle    Proper Dih. Ryckaert-Bell.          LJ-14
    5.22315e+03    1.40885e+04    8.46774e+02    7.61899e+03    9.85232e+03
     Coulomb-14        LJ (SR)  Disper. corr.   Coulomb (SR)   Coul. recip.
    4.02143e+04    5.83084e+05   -2.61465e+04   -3.77076e+06    1.68299e+04
      Potential    Kinetic En.   Total Energy  Conserved En.    Temperature
   -3.11915e+06    5.11240e+05   -2.60791e+06   -2.60536e+06    3.00667e+02
 Pres. DC (bar) Pressure (bar)   Constr. rmsd
   -2.15389e+02    1.11979e+01    3.57440e-06

           Step           Time
          60000      120.00000

   Energies (kJ/mol)
           Bond          Angle    Proper Dih. Ryckaert-Bell.          LJ-14
    5.37096e+03    1.39647e+04    7.55424e+02    7.50290e+03    9.76893e+03
     Coulomb-14        LJ (SR)  Disper. corr.   Coulomb (SR)   Coul. recip.
    4.02389e+04    5.86328e+05   -2.61806e+04   -3.77489e+06    1.68439e+04
      Potential    Kinetic En.   Total Energy  Conserved En.    Temperature
   -3.12029e+06    5.08998e+05   -2.61130e+06   -2.60466e+06    2.99348e+02
 Pres. DC (bar) Pressure (bar)   Constr. rmsd
   -2.15950e+02    5.07712e+01    3.63654e-06

           Step           Time
          65000      130.00000

   Energies (kJ/mol)
           Bond          Angle    Proper Dih. Ryckaert-Bell.          LJ-14
    5.35081e+03    1.42473e+04    8.31441e+02    7.38930e+03    9.82601e+03
     Coulomb-14        LJ (SR)  Disper. corr.   Coulomb (SR)   Coul. recip.
    4.01488e+04    5.86787e+05   -2.61507e+04   -3.77655e+06    1.69006e+04
      Potential    Kinetic En.   Total Energy  Conserved En.    Temperature
   -3.12122e+06    5.13399e+05   -2.60782e+06   -2.60408e+06    3.01937e+02
 Pres. DC (bar) Pressure (bar)   Constr. rmsd
   -2.15458e+02    5.14883e+01    3.46706e-06

           Step           Time
          70000      140.00000

   Energies (kJ/mol)
           Bond          Angle    Proper Dih. Ryckaert-Bell.          LJ-14
    5.09830e+03    1.41008e+04    8.89478e+02    7.47975e+03    9.68445e+03
     Coulomb-14        LJ (SR)  Disper. corr.   Coulomb (SR)   Coul. recip.
    4.01523e+04    5.85150e+05   -2.60891e+04   -3.77287e+06    1.70409e+04
      Potential    Kinetic En.   Total Energy  Conserved En.    Temperature
   -3.11937e+06    5.06455e+05   -2.61291e+06   -2.60346e+06    2.97853e+02
 Pres. DC (bar) Pressure (bar)   Constr. rmsd
   -2.14446e+02   -2.93755e+01    3.55094e-06

Writing checkpoint, step 73200 at Mon Feb 10 13:05:28 2025


           Step           Time
          75000      150.00000

   Energies (kJ/mol)
           Bond          Angle    Proper Dih. Ryckaert-Bell.          LJ-14
    5.56210e+03    1.38738e+04    8.15681e+02    7.56825e+03    9.89881e+03
     Coulomb-14        LJ (SR)  Disper. corr.   Coulomb (SR)   Coul. recip.
    4.02216e+04    5.81714e+05   -2.60723e+04   -3.76774e+06    1.68461e+04
      Potential    Kinetic En.   Total Energy  Conserved En.    Temperature
   -3.11731e+06    5.10797e+05   -2.60652e+06   -2.60297e+06    3.00406e+02
 Pres. DC (bar) Pressure (bar)   Constr. rmsd
   -2.14169e+02   -6.87892e+01    3.40118e-06

           Step           Time
          80000      160.00000

   Energies (kJ/mol)
           Bond          Angle    Proper Dih. Ryckaert-Bell.          LJ-14
    5.32950e+03    1.38966e+04    8.37097e+02    7.32589e+03    9.83913e+03
     Coulomb-14        LJ (SR)  Disper. corr.   Coulomb (SR)   Coul. recip.
    4.01640e+04    5.84912e+05   -2.62085e+04   -3.77512e+06    1.67533e+04
      Potential    Kinetic En.   Total Energy  Conserved En.    Temperature
   -3.12227e+06    5.09223e+05   -2.61305e+06   -2.60251e+06    2.99481e+02
 Pres. DC (bar) Pressure (bar)   Constr. rmsd
   -2.16411e+02    1.53449e+01    3.74131e-06

           Step           Time
          85000      170.00000

   Energies (kJ/mol)
           Bond          Angle    Proper Dih. Ryckaert-Bell.          LJ-14
    5.35960e+03    1.39157e+04    8.88354e+02    7.55728e+03    9.80974e+03
     Coulomb-14        LJ (SR)  Disper. corr.   Coulomb (SR)   Coul. recip.
    4.03252e+04    5.87872e+05   -2.61757e+04   -3.77749e+06    1.67530e+04
      Potential    Kinetic En.   Total Energy  Conserved En.    Temperature
   -3.12118e+06    5.09940e+05   -2.61124e+06   -2.60200e+06    2.99902e+02
 Pres. DC (bar) Pressure (bar)   Constr. rmsd
   -2.15870e+02    1.11838e+02    3.59259e-06

           Step           Time
          90000      180.00000

   Energies (kJ/mol)
           Bond          Angle    Proper Dih. Ryckaert-Bell.          LJ-14
    5.38186e+03    1.42685e+04    8.20438e+02    7.34046e+03    9.84067e+03
     Coulomb-14        LJ (SR)  Disper. corr.   Coulomb (SR)   Coul. recip.
    4.03072e+04    5.83159e+05   -2.60983e+04   -3.76785e+06    1.71019e+04
      Potential    Kinetic En.   Total Energy  Conserved En.    Temperature
   -3.11572e+06    5.07107e+05   -2.60862e+06   -2.60135e+06    2.98236e+02
 Pres. DC (bar) Pressure (bar)   Constr. rmsd
   -2.14596e+02    7.11914e+00    3.53799e-06

           Step           Time
          95000      190.00000

   Energies (kJ/mol)
           Bond          Angle    Proper Dih. Ryckaert-Bell.          LJ-14
    5.45383e+03    1.39821e+04    8.52819e+02    7.47407e+03    9.69032e+03
     Coulomb-14        LJ (SR)  Disper. corr.   Coulomb (SR)   Coul. recip.
    4.02254e+04    5.86496e+05   -2.61109e+04   -3.77530e+06    1.67447e+04
      Potential    Kinetic En.   Total Energy  Conserved En.    Temperature
   -3.12050e+06    5.11726e+05   -2.60877e+06   -2.60091e+06    3.00953e+02
 Pres. DC (bar) Pressure (bar)   Constr. rmsd
   -2.14804e+02    8.25669e+00    3.57997e-06

           Step           Time
         100000      200.00000

   Energies (kJ/mol)
           Bond          Angle    Proper Dih. Ryckaert-Bell.          LJ-14
    5.24287e+03    1.41563e+04    8.44817e+02    7.40321e+03    9.85288e+03
     Coulomb-14        LJ (SR)  Disper. corr.   Coulomb (SR)   Coul. recip.
    4.03966e+04    5.86591e+05   -2.61826e+04   -3.77457e+06    1.70285e+04
      Potential    Kinetic En.   Total Energy  Conserved En.    Temperature
   -3.11923e+06    5.09207e+05   -2.61003e+06   -2.59991e+06    2.99471e+02
 Pres. DC (bar) Pressure (bar)   Constr. rmsd
   -2.15983e+02    1.40398e+02    3.52863e-06

Writing checkpoint, step 100520 at Mon Feb 10 13:20:28 2025


           Step           Time
         105000      210.00000

   Energies (kJ/mol)
           Bond          Angle    Proper Dih. Ryckaert-Bell.          LJ-14
    5.33801e+03    1.39050e+04    8.51257e+02    7.53939e+03    9.78779e+03
     Coulomb-14        LJ (SR)  Disper. corr.   Coulomb (SR)   Coul. recip.
    4.02683e+04    5.84438e+05   -2.60878e+04   -3.76875e+06    1.69786e+04
      Potential    Kinetic En.   Total Energy  Conserved En.    Temperature
   -3.11573e+06    5.08585e+05   -2.60714e+06   -2.59942e+06    2.99105e+02
 Pres. DC (bar) Pressure (bar)   Constr. rmsd
   -2.14424e+02   -1.08191e+01    3.57156e-06

           Step           Time
         110000      220.00000

   Energies (kJ/mol)
           Bond          Angle    Proper Dih. Ryckaert-Bell.          LJ-14
    5.50424e+03    1.39373e+04    8.12730e+02    7.39621e+03    9.84780e+03
     Coulomb-14        LJ (SR)  Disper. corr.   Coulomb (SR)   Coul. recip.
    4.03924e+04    5.82518e+05   -2.60545e+04   -3.77052e+06    1.69289e+04
      Potential    Kinetic En.   Total Energy  Conserved En.    Temperature
   -3.11923e+06    5.10625e+05   -2.60861e+06   -2.59901e+06    3.00305e+02
 Pres. DC (bar) Pressure (bar)   Constr. rmsd
   -2.13877e+02   -9.83280e+01    3.55368e-06

           Step           Time
         115000      230.00000

   Energies (kJ/mol)
           Bond          Angle    Proper Dih. Ryckaert-Bell.          LJ-14
    5.27468e+03    1.40191e+04    7.81729e+02    7.31542e+03    9.93192e+03
     Coulomb-14        LJ (SR)  Disper. corr.   Coulomb (SR)   Coul. recip.
    4.02770e+04    5.81767e+05   -2.61392e+04   -3.77097e+06    1.65809e+04
      Potential    Kinetic En.   Total Energy  Conserved En.    Temperature
   -3.12116e+06    5.12036e+05   -2.60913e+06   -2.59865e+06    3.01135e+02
 Pres. DC (bar) Pressure (bar)   Constr. rmsd
   -2.15269e+02   -8.11742e+01    3.62266e-06

           Step           Time
         120000      240.00000

   Energies (kJ/mol)
           Bond          Angle    Proper Dih. Ryckaert-Bell.          LJ-14
    5.49621e+03    1.39264e+04    8.31535e+02    7.45740e+03    9.88940e+03
     Coulomb-14        LJ (SR)  Disper. corr.   Coulomb (SR)   Coul. recip.
    4.04507e+04    5.82442e+05   -2.61295e+04   -3.77046e+06    1.68332e+04
      Potential    Kinetic En.   Total Energy  Conserved En.    Temperature
   -3.11926e+06    5.08868e+05   -2.61039e+06   -2.59797e+06    2.99272e+02
 Pres. DC (bar) Pressure (bar)   Constr. rmsd
   -2.15109e+02   -6.85615e+01    3.69120e-06

           Step           Time
         125000      250.00000

   Energies (kJ/mol)
           Bond          Angle    Proper Dih. Ryckaert-Bell.          LJ-14
    5.28169e+03    1.40480e+04    8.43426e+02    7.54318e+03    9.77111e+03
     Coulomb-14        LJ (SR)  Disper. corr.   Coulomb (SR)   Coul. recip.
    4.04427e+04    5.90215e+05   -2.62555e+04   -3.78291e+06    1.67315e+04
      Potential    Kinetic En.   Total Energy  Conserved En.    Temperature
   -3.12429e+06    5.11241e+05   -2.61305e+06   -2.59724e+06    3.00667e+02
 Pres. DC (bar) Pressure (bar)   Constr. rmsd
   -2.17187e+02    1.79378e+02    3.65931e-06

Writing checkpoint, step 127720 at Mon Feb 10 13:35:28 2025


           Step           Time
         130000      260.00000

   Energies (kJ/mol)
           Bond          Angle    Proper Dih. Ryckaert-Bell.          LJ-14
    5.27484e+03    1.41215e+04    8.28091e+02    7.46519e+03    9.72463e+03
     Coulomb-14        LJ (SR)  Disper. corr.   Coulomb (SR)   Coul. recip.
    4.02993e+04    5.85989e+05   -2.60615e+04   -3.77484e+06    1.70192e+04
      Potential    Kinetic En.   Total Energy  Conserved En.    Temperature
   -3.12018e+06    5.10268e+05   -2.60992e+06   -2.59653e+06    3.00095e+02
 Pres. DC (bar) Pressure (bar)   Constr. rmsd
   -2.13992e+02   -3.68367e+01    3.61067e-06

           Step           Time
         135000      270.00000

   Energies (kJ/mol)
           Bond          Angle    Proper Dih. Ryckaert-Bell.          LJ-14
    5.47904e+03    1.38665e+04    8.26697e+02    7.48714e+03    9.79019e+03
     Coulomb-14        LJ (SR)  Disper. corr.   Coulomb (SR)   Coul. recip.
    4.03256e+04    5.82527e+05   -2.61467e+04   -3.77075e+06    1.68673e+04
      Potential    Kinetic En.   Total Energy  Conserved En.    Temperature
   -3.11972e+06    5.09913e+05   -2.60981e+06   -2.59595e+06    2.99887e+02
 Pres. DC (bar) Pressure (bar)   Constr. rmsd
   -2.15392e+02   -7.53762e+01    3.63474e-06

           Step           Time
         140000      280.00000

   Energies (kJ/mol)
           Bond          Angle    Proper Dih. Ryckaert-Bell.          LJ-14
    5.57895e+03    1.41285e+04    7.82406e+02    7.39529e+03    9.79743e+03
     Coulomb-14        LJ (SR)  Disper. corr.   Coulomb (SR)   Coul. recip.
    4.03989e+04    5.85561e+05   -2.61850e+04   -3.77424e+06    1.68240e+04
      Potential    Kinetic En.   Total Energy  Conserved En.    Temperature
   -3.11996e+06    5.10324e+05   -2.60963e+06   -2.59539e+06    3.00128e+02
 Pres. DC (bar) Pressure (bar)   Constr. rmsd
   -2.16023e+02    2.20869e+01    3.62185e-06

           Step           Time
         145000      290.00000

   Energies (kJ/mol)
           Bond          Angle    Proper Dih. Ryckaert-Bell.          LJ-14
    5.48417e+03    1.38676e+04    7.78453e+02    7.41423e+03    9.89888e+03
     Coulomb-14        LJ (SR)  Disper. corr.   Coulomb (SR)   Coul. recip.
    4.03233e+04    5.87976e+05   -2.62409e+04   -3.78056e+06    1.68377e+04
      Potential    Kinetic En.   Total Energy  Conserved En.    Temperature
   -3.12422e+06    5.10283e+05   -2.61393e+06   -2.59468e+06    3.00104e+02
 Pres. DC (bar) Pressure (bar)   Constr. rmsd
   -2.16945e+02    1.16864e+02    3.42657e-06

           Step           Time
         150000      300.00000

   Energies (kJ/mol)
           Bond          Angle    Proper Dih. Ryckaert-Bell.          LJ-14
    5.31318e+03    1.40153e+04    8.43570e+02    7.39029e+03    9.83904e+03
     Coulomb-14        LJ (SR)  Disper. corr.   Coulomb (SR)   Coul. recip.
    4.03784e+04    5.82606e+05   -2.61342e+04   -3.76943e+06    1.67525e+04
      Potential    Kinetic En.   Total Energy  Conserved En.    Temperature
   -3.11843e+06    5.11726e+05   -2.60670e+06   -2.59404e+06    3.00953e+02
 Pres. DC (bar) Pressure (bar)   Constr. rmsd
   -2.15187e+02   -1.54746e+01    3.52445e-06

Writing checkpoint, step 154600 at Mon Feb 10 13:50:28 2025


           Step           Time
         155000      310.00000

   Energies (kJ/mol)
           Bond          Angle    Proper Dih. Ryckaert-Bell.          LJ-14
    5.38849e+03    1.40373e+04    8.36157e+02    7.52740e+03    9.65304e+03
     Coulomb-14        LJ (SR)  Disper. corr.   Coulomb (SR)   Coul. recip.
    4.02281e+04    5.84910e+05   -2.61634e+04   -3.77328e+06    1.68074e+04
      Potential    Kinetic En.   Total Energy  Conserved En.    Temperature
   -3.12005e+06    5.09978e+05   -2.61007e+06   -2.59327e+06    2.99925e+02
 Pres. DC (bar) Pressure (bar)   Constr. rmsd
   -2.15667e+02   -1.98280e+01    3.45812e-06

           Step           Time
         160000      320.00000

   Energies (kJ/mol)
           Bond          Angle    Proper Dih. Ryckaert-Bell.          LJ-14
    5.41080e+03    1.43722e+04    8.77548e+02    7.55221e+03    9.80881e+03
     Coulomb-14        LJ (SR)  Disper. corr.   Coulomb (SR)   Coul. recip.
    4.03047e+04    5.81047e+05   -2.61538e+04   -3.76814e+06    1.67700e+04
      Potential    Kinetic En.   Total Energy  Conserved En.    Temperature
   -3.11816e+06    5.11927e+05   -2.60623e+06   -2.59259e+06    3.01071e+02
 Pres. DC (bar) Pressure (bar)   Constr. rmsd
   -2.15509e+02   -4.60273e+01    3.56240e-06

           Step           Time
         165000      330.00000

   Energies (kJ/mol)
           Bond          Angle    Proper Dih. Ryckaert-Bell.          LJ-14
    5.24922e+03    1.40804e+04    8.14290e+02    7.29612e+03    9.76476e+03
     Coulomb-14        LJ (SR)  Disper. corr.   Coulomb (SR)   Coul. recip.
    4.03322e+04    5.87182e+05   -2.61216e+04   -3.77449e+06    1.69111e+04
      Potential    Kinetic En.   Total Energy  Conserved En.    Temperature
   -3.11898e+06    5.06983e+05   -2.61200e+06   -2.59203e+06    2.98164e+02
 Pres. DC (bar) Pressure (bar)   Constr. rmsd
   -2.14979e+02    3.81304e+01    3.51846e-06

           Step           Time
         170000      340.00000

   Energies (kJ/mol)
           Bond          Angle    Proper Dih. Ryckaert-Bell.          LJ-14
    5.50882e+03    1.40398e+04    7.99752e+02    7.52171e+03    9.82102e+03
     Coulomb-14        LJ (SR)  Disper. corr.   Coulomb (SR)   Coul. recip.
    4.04443e+04    5.84762e+05   -2.60922e+04   -3.77233e+06    1.69859e+04
      Potential    Kinetic En.   Total Energy  Conserved En.    Temperature
   -3.11854e+06    5.10170e+05   -2.60837e+06   -2.59147e+06    3.00037e+02
 Pres. DC (bar) Pressure (bar)   Constr. rmsd
   -2.14496e+02   -4.18821e+01    3.57895e-06

           Step           Time
         175000      350.00000

   Energies (kJ/mol)
           Bond          Angle    Proper Dih. Ryckaert-Bell.          LJ-14
    5.43957e+03    1.40165e+04    8.35398e+02    7.41165e+03    9.85573e+03
     Coulomb-14        LJ (SR)  Disper. corr.   Coulomb (SR)   Coul. recip.
    4.01983e+04    5.84221e+05   -2.61349e+04   -3.77244e+06    1.67700e+04
      Potential    Kinetic En.   Total Energy  Conserved En.    Temperature
   -3.11983e+06    5.09921e+05   -2.60991e+06   -2.59093e+06    2.99891e+02
 Pres. DC (bar) Pressure (bar)   Constr. rmsd
   -2.15198e+02   -1.29968e+01    3.37950e-06

           Step           Time
         180000      360.00000

   Energies (kJ/mol)
           Bond          Angle    Proper Dih. Ryckaert-Bell.          LJ-14
    5.35229e+03    1.38543e+04    8.40444e+02    7.59156e+03    9.76995e+03
     Coulomb-14        LJ (SR)  Disper. corr.   Coulomb (SR)   Coul. recip.
    4.03243e+04    5.82662e+05   -2.61590e+04   -3.77003e+06    1.67835e+04
      Potential    Kinetic En.   Total Energy  Conserved En.    Temperature
   -3.11901e+06    5.09586e+05   -2.60943e+06   -2.59032e+06    2.99694e+02
 Pres. DC (bar) Pressure (bar)   Constr. rmsd
   -2.15594e+02   -1.05421e+01    3.51037e-06

Writing checkpoint, step 181800 at Mon Feb 10 14:05:28 2025


           Step           Time
         185000      370.00000

   Energies (kJ/mol)
           Bond          Angle    Proper Dih. Ryckaert-Bell.          LJ-14
    5.42006e+03    1.38590e+04    8.06980e+02    7.49179e+03    9.81024e+03
     Coulomb-14        LJ (SR)  Disper. corr.   Coulomb (SR)   Coul. recip.
    4.04290e+04    5.83675e+05   -2.61168e+04   -3.77137e+06    1.68001e+04
      Potential    Kinetic En.   Total Energy  Conserved En.    Temperature
   -3.11919e+06    5.11169e+05   -2.60802e+06   -2.58979e+06    3.00625e+02
 Pres. DC (bar) Pressure (bar)   Constr. rmsd
   -2.14900e+02   -5.73652e+00    3.54508e-06

           Step           Time
         190000      380.00000

   Energies (kJ/mol)
           Bond          Angle    Proper Dih. Ryckaert-Bell.          LJ-14
    5.22945e+03    1.40210e+04    8.57665e+02    7.48509e+03    9.84273e+03
     Coulomb-14        LJ (SR)  Disper. corr.   Coulomb (SR)   Coul. recip.
    4.02609e+04    5.88494e+05   -2.61934e+04   -3.77669e+06    1.68341e+04
      Potential    Kinetic En.   Total Energy  Conserved En.    Temperature
   -3.11986e+06    5.08920e+05   -2.61094e+06   -2.58944e+06    2.99303e+02
 Pres. DC (bar) Pressure (bar)   Constr. rmsd
   -2.16161e+02    1.65333e+02    3.50202e-06

           Step           Time
         195000      390.00000

   Energies (kJ/mol)
           Bond          Angle    Proper Dih. Ryckaert-Bell.          LJ-14
    5.31272e+03    1.41617e+04    8.51860e+02    7.48236e+03    9.86391e+03
     Coulomb-14        LJ (SR)  Disper. corr.   Coulomb (SR)   Coul. recip.
    4.04331e+04    5.82815e+05   -2.61600e+04   -3.77151e+06    1.68244e+04
      Potential    Kinetic En.   Total Energy  Conserved En.    Temperature
   -3.11993e+06    5.11125e+05   -2.60880e+06   -2.58895e+06    3.00599e+02
 Pres. DC (bar) Pressure (bar)   Constr. rmsd
   -2.15612e+02   -7.73161e+00    3.51996e-06

           Step           Time
         200000      400.00000

   Energies (kJ/mol)
           Bond          Angle    Proper Dih. Ryckaert-Bell.          LJ-14
    5.33508e+03    1.38357e+04    8.12292e+02    7.68743e+03    9.69608e+03
     Coulomb-14        LJ (SR)  Disper. corr.   Coulomb (SR)   Coul. recip.
    4.03676e+04    5.85298e+05   -2.61209e+04   -3.77522e+06    1.68741e+04
      Potential    Kinetic En.   Total Energy  Conserved En.    Temperature
   -3.12144e+06    5.11485e+05   -2.60995e+06   -2.58839e+06    3.00811e+02
 Pres. DC (bar) Pressure (bar)   Constr. rmsd
   -2.14968e+02    1.26361e+01    3.54008e-06

           Step           Time
         205000      410.00000

   Energies (kJ/mol)
           Bond          Angle    Proper Dih. Ryckaert-Bell.          LJ-14
    5.48054e+03    1.41222e+04    7.83107e+02    7.52640e+03    9.75915e+03
     Coulomb-14        LJ (SR)  Disper. corr.   Coulomb (SR)   Coul. recip.
    4.04516e+04    5.83836e+05   -2.61688e+04   -3.77116e+06    1.67031e+04
      Potential    Kinetic En.   Total Energy  Conserved En.    Temperature
   -3.11866e+06    5.10460e+05   -2.60820e+06   -2.58783e+06    3.00208e+02
 Pres. DC (bar) Pressure (bar)   Constr. rmsd
   -2.15756e+02    2.50128e+01    3.68262e-06

Writing checkpoint, step 209200 at Mon Feb 10 14:20:28 2025


           Step           Time
         210000      420.00000

   Energies (kJ/mol)
           Bond          Angle    Proper Dih. Ryckaert-Bell.          LJ-14
    5.30263e+03    1.42188e+04    8.00203e+02    7.48942e+03    9.76981e+03
     Coulomb-14        LJ (SR)  Disper. corr.   Coulomb (SR)   Coul. recip.
    4.03813e+04    5.88748e+05   -2.61803e+04   -3.77603e+06    1.68884e+04
      Potential    Kinetic En.   Total Energy  Conserved En.    Temperature
   -3.11861e+06    5.11650e+05   -2.60696e+06   -2.58731e+06    3.00908e+02
 Pres. DC (bar) Pressure (bar)   Constr. rmsd
   -2.15945e+02    1.49095e+02    3.46974e-06

           Step           Time
         215000      430.00000

   Energies (kJ/mol)
           Bond          Angle    Proper Dih. Ryckaert-Bell.          LJ-14
    5.48153e+03    1.35553e+04    7.64176e+02    7.38262e+03    9.61422e+03
     Coulomb-14        LJ (SR)  Disper. corr.   Coulomb (SR)   Coul. recip.
    4.03183e+04    5.85084e+05   -2.61807e+04   -3.77596e+06    1.65833e+04
      Potential    Kinetic En.   Total Energy  Conserved En.    Temperature
   -3.12336e+06    5.08564e+05   -2.61480e+06   -2.58682e+06    2.99093e+02
 Pres. DC (bar) Pressure (bar)   Constr. rmsd
   -2.15952e+02   -1.93682e+01    3.65136e-06

           Step           Time
         220000      440.00000

   Energies (kJ/mol)
           Bond          Angle    Proper Dih. Ryckaert-Bell.          LJ-14
    5.38630e+03    1.38803e+04    7.99419e+02    7.39389e+03    9.69691e+03
     Coulomb-14        LJ (SR)  Disper. corr.   Coulomb (SR)   Coul. recip.
    4.03691e+04    5.83535e+05   -2.61860e+04   -3.77288e+06    1.69345e+04
      Potential    Kinetic En.   Total Energy  Conserved En.    Temperature
   -3.12107e+06    5.11364e+05   -2.60971e+06   -2.58632e+06    3.00740e+02
 Pres. DC (bar) Pressure (bar)   Constr. rmsd
   -2.16039e+02   -3.31400e+01    3.69298e-06

           Step           Time
         225000      450.00000

   Energies (kJ/mol)
           Bond          Angle    Proper Dih. Ryckaert-Bell.          LJ-14
    5.53539e+03    1.38786e+04    8.59747e+02    7.65970e+03    9.72640e+03
     Coulomb-14        LJ (SR)  Disper. corr.   Coulomb (SR)   Coul. recip.
    4.03912e+04    5.87016e+05   -2.61738e+04   -3.77686e+06    1.67544e+04
      Potential    Kinetic En.   Total Energy  Conserved En.    Temperature
   -3.12122e+06    5.11182e+05   -2.61003e+06   -2.58559e+06    3.00633e+02
 Pres. DC (bar) Pressure (bar)   Constr. rmsd
   -2.15838e+02    7.11542e+01    3.69113e-06

           Step           Time
         230000      460.00000

   Energies (kJ/mol)
           Bond          Angle    Proper Dih. Ryckaert-Bell.          LJ-14
    5.28129e+03    1.36804e+04    7.82019e+02    7.32109e+03    9.83985e+03
     Coulomb-14        LJ (SR)  Disper. corr.   Coulomb (SR)   Coul. recip.
    4.06223e+04    5.84512e+05   -2.62136e+04   -3.77553e+06    1.69012e+04
      Potential    Kinetic En.   Total Energy  Conserved En.    Temperature
   -3.12280e+06    5.10597e+05   -2.61220e+06   -2.58509e+06    3.00289e+02
 Pres. DC (bar) Pressure (bar)   Constr. rmsd
   -2.16494e+02    5.03102e+01    3.64735e-06

           Step           Time
         235000      470.00000

   Energies (kJ/mol)
           Bond          Angle    Proper Dih. Ryckaert-Bell.          LJ-14
    5.09758e+03    1.39294e+04    8.23846e+02    7.50966e+03    9.81536e+03
     Coulomb-14        LJ (SR)  Disper. corr.   Coulomb (SR)   Coul. recip.
    4.06199e+04    5.85899e+05   -2.61773e+04   -3.77480e+06    1.67152e+04
      Potential    Kinetic En.   Total Energy  Conserved En.    Temperature
   -3.12057e+06    5.08156e+05   -2.61241e+06   -2.58467e+06    2.98853e+02
 Pres. DC (bar) Pressure (bar)   Constr. rmsd
   -2.15896e+02    9.22846e+01    3.57884e-06

Writing checkpoint, step 236360 at Mon Feb 10 14:35:28 2025


           Step           Time
         240000      480.00000

   Energies (kJ/mol)
           Bond          Angle    Proper Dih. Ryckaert-Bell.          LJ-14
    5.47369e+03    1.35411e+04    7.57309e+02    7.53758e+03    9.67818e+03
     Coulomb-14        LJ (SR)  Disper. corr.   Coulomb (SR)   Coul. recip.
    4.02775e+04    5.83396e+05   -2.61072e+04   -3.77288e+06    1.66281e+04
      Potential    Kinetic En.   Total Energy  Conserved En.    Temperature
   -3.12170e+06    5.10228e+05   -2.61147e+06   -2.58421e+06    3.00072e+02
 Pres. DC (bar) Pressure (bar)   Constr. rmsd
   -2.14743e+02   -7.96669e+01    3.79564e-06

           Step           Time
         245000      490.00000

   Energies (kJ/mol)
           Bond          Angle    Proper Dih. Ryckaert-Bell.          LJ-14
    5.37081e+03    1.35804e+04    8.19565e+02    7.30965e+03    9.80536e+03
     Coulomb-14        LJ (SR)  Disper. corr.   Coulomb (SR)   Coul. recip.
    4.06446e+04    5.83715e+05   -2.61337e+04   -3.77259e+06    1.66838e+04
      Potential    Kinetic En.   Total Energy  Conserved En.    Temperature
   -3.12080e+06    5.09099e+05   -2.61170e+06   -2.58382e+06    2.99407e+02
 Pres. DC (bar) Pressure (bar)   Constr. rmsd
   -2.15177e+02   -4.74397e+01    3.52612e-06

           Step           Time
         250000      500.00000

   Energies (kJ/mol)
           Bond          Angle    Proper Dih. Ryckaert-Bell.          LJ-14
    5.57646e+03    1.38792e+04    8.90062e+02    7.59114e+03    9.82602e+03
     Coulomb-14        LJ (SR)  Disper. corr.   Coulomb (SR)   Coul. recip.
    4.04795e+04    5.87299e+05   -2.61719e+04   -3.77759e+06    1.67131e+04
      Potential    Kinetic En.   Total Energy  Conserved En.    Temperature
   -3.12151e+06    5.09103e+05   -2.61240e+06   -2.58334e+06    2.99410e+02
 Pres. DC (bar) Pressure (bar)   Constr. rmsd
   -2.15807e+02    5.43560e+01    3.57535e-06

           Step           Time
         255000      510.00000

   Energies (kJ/mol)
           Bond          Angle    Proper Dih. Ryckaert-Bell.          LJ-14
    5.32972e+03    1.40447e+04    8.31754e+02    7.50593e+03    9.81375e+03
     Coulomb-14        LJ (SR)  Disper. corr.   Coulomb (SR)   Coul. recip.
    4.05842e+04    5.86961e+05   -2.61068e+04   -3.77773e+06    1.66479e+04
      Potential    Kinetic En.   Total Energy  Conserved En.    Temperature
   -3.12212e+06    5.08320e+05   -2.61380e+06   -2.58291e+06    2.98950e+02
 Pres. DC (bar) Pressure (bar)   Constr. rmsd
   -2.14736e+02    2.87313e+01    3.47596e-06

           Step           Time
         260000      520.00000

   Energies (kJ/mol)
           Bond          Angle    Proper Dih. Ryckaert-Bell.          LJ-14
    5.13820e+03    1.37208e+04    8.47131e+02    7.47792e+03    9.89089e+03
     Coulomb-14        LJ (SR)  Disper. corr.   Coulomb (SR)   Coul. recip.
    4.06672e+04    5.84744e+05   -2.61605e+04   -3.77835e+06    1.68730e+04
      Potential    Kinetic En.   Total Energy  Conserved En.    Temperature
   -3.12515e+06    5.11948e+05   -2.61320e+06   -2.58252e+06    3.01083e+02
 Pres. DC (bar) Pressure (bar)   Constr. rmsd
   -2.15620e+02    2.63455e+01    3.64112e-06

Writing checkpoint, step 263520 at Mon Feb 10 14:50:28 2025


           Step           Time
         265000      530.00000

   Energies (kJ/mol)
           Bond          Angle    Proper Dih. Ryckaert-Bell.          LJ-14
    5.51241e+03    1.38553e+04    7.90091e+02    7.41983e+03    9.72369e+03
     Coulomb-14        LJ (SR)  Disper. corr.   Coulomb (SR)   Coul. recip.
    4.05419e+04    5.88456e+05   -2.61942e+04   -3.78126e+06    1.67107e+04
      Potential    Kinetic En.   Total Energy  Conserved En.    Temperature
   -3.12444e+06    5.09768e+05   -2.61467e+06   -2.58166e+06    2.99801e+02
 Pres. DC (bar) Pressure (bar)   Constr. rmsd
   -2.16174e+02    7.59464e+01    3.44193e-06

           Step           Time
         270000      540.00000

   Energies (kJ/mol)
           Bond          Angle    Proper Dih. Ryckaert-Bell.          LJ-14
    5.37949e+03    1.39893e+04    8.00044e+02    7.51834e+03    9.65604e+03
     Coulomb-14        LJ (SR)  Disper. corr.   Coulomb (SR)   Coul. recip.
    4.05284e+04    5.85524e+05   -2.61421e+04   -3.77618e+06    1.67276e+04
      Potential    Kinetic En.   Total Energy  Conserved En.    Temperature
   -3.12220e+06    5.08459e+05   -2.61374e+06   -2.58112e+06    2.99031e+02
 Pres. DC (bar) Pressure (bar)   Constr. rmsd
   -2.15316e+02    5.93488e+00    3.48206e-06

           Step           Time
         275000      550.00000

   Energies (kJ/mol)
           Bond          Angle    Proper Dih. Ryckaert-Bell.          LJ-14
    5.26418e+03    1.39996e+04    8.45276e+02    7.44955e+03    9.74568e+03
     Coulomb-14        LJ (SR)  Disper. corr.   Coulomb (SR)   Coul. recip.
    4.05143e+04    5.84765e+05   -2.61081e+04   -3.77637e+06    1.68743e+04
      Potential    Kinetic En.   Total Energy  Conserved En.    Temperature
   -3.12302e+06    5.10076e+05   -2.61294e+06   -2.58073e+06    2.99982e+02
 Pres. DC (bar) Pressure (bar)   Constr. rmsd
   -2.14757e+02   -4.69816e+01    3.52567e-06

           Step           Time
         280000      560.00000

   Energies (kJ/mol)
           Bond          Angle    Proper Dih. Ryckaert-Bell.          LJ-14
    5.27518e+03    1.37023e+04    8.39784e+02    7.53908e+03    9.80850e+03
     Coulomb-14        LJ (SR)  Disper. corr.   Coulomb (SR)   Coul. recip.
    4.04789e+04    5.82205e+05   -2.61336e+04   -3.76948e+06    1.69041e+04
      Potential    Kinetic En.   Total Energy  Conserved En.    Temperature
   -3.11886e+06    5.08474e+05   -2.61039e+06   -2.58043e+06    2.99040e+02
 Pres. DC (bar) Pressure (bar)   Constr. rmsd
   -2.15176e+02   -6.18538e+01    3.43991e-06

           Step           Time
         285000      570.00000

   Energies (kJ/mol)
           Bond          Angle    Proper Dih. Ryckaert-Bell.          LJ-14
    5.23543e+03    1.37963e+04    8.38885e+02    7.50420e+03    9.89933e+03
     Coulomb-14        LJ (SR)  Disper. corr.   Coulomb (SR)   Coul. recip.
    4.06841e+04    5.84126e+05   -2.61739e+04   -3.77473e+06    1.68208e+04
      Potential    Kinetic En.   Total Energy  Conserved En.    Temperature
   -3.12200e+06    5.09319e+05   -2.61268e+06   -2.58002e+06    2.99537e+02
 Pres. DC (bar) Pressure (bar)   Constr. rmsd
   -2.15839e+02    4.31365e+00    3.53729e-06

           Step           Time
         290000      580.00000

   Energies (kJ/mol)
           Bond          Angle    Proper Dih. Ryckaert-Bell.          LJ-14
    5.29094e+03    1.41658e+04    8.06221e+02    7.53179e+03    9.87528e+03
     Coulomb-14        LJ (SR)  Disper. corr.   Coulomb (SR)   Coul. recip.
    4.04809e+04    5.81557e+05   -2.60237e+04   -3.76788e+06    1.69932e+04
      Potential    Kinetic En.   Total Energy  Conserved En.    Temperature
   -3.11720e+06    5.10081e+05   -2.60712e+06   -2.57954e+06    2.99985e+02
 Pres. DC (bar) Pressure (bar)   Constr. rmsd
   -2.13373e+02   -7.55976e+01    3.66412e-06

Writing checkpoint, step 290760 at Mon Feb 10 15:05:29 2025


           Step           Time
         295000      590.00000

   Energies (kJ/mol)
           Bond          Angle    Proper Dih. Ryckaert-Bell.          LJ-14
    5.27541e+03    1.39006e+04    8.26145e+02    7.62278e+03    9.68266e+03
     Coulomb-14        LJ (SR)  Disper. corr.   Coulomb (SR)   Coul. recip.
    4.04559e+04    5.84744e+05   -2.62101e+04   -3.77553e+06    1.66823e+04
      Potential    Kinetic En.   Total Energy  Conserved En.    Temperature
   -3.12255e+06    5.11024e+05   -2.61153e+06   -2.57876e+06    3.00540e+02
 Pres. DC (bar) Pressure (bar)   Constr. rmsd
   -2.16437e+02    2.33380e+01    3.52022e-06

           Step           Time
         300000      600.00000

   Energies (kJ/mol)
           Bond          Angle    Proper Dih. Ryckaert-Bell.          LJ-14
    5.37239e+03    1.37903e+04    8.23261e+02    7.55479e+03    9.71395e+03
     Coulomb-14        LJ (SR)  Disper. corr.   Coulomb (SR)   Coul. recip.
    4.05482e+04    5.86522e+05   -2.62217e+04   -3.77567e+06    1.66341e+04
      Potential    Kinetic En.   Total Energy  Conserved En.    Temperature
   -3.12094e+06    5.12017e+05   -2.60892e+06   -2.57837e+06    3.01124e+02
 Pres. DC (bar) Pressure (bar)   Constr. rmsd
   -2.16628e+02    6.54694e+01    3.61495e-06

           Step           Time
         305000      610.00000

   Energies (kJ/mol)
           Bond          Angle    Proper Dih. Ryckaert-Bell.          LJ-14
    5.23139e+03    1.38937e+04    8.55141e+02    7.54610e+03    9.85072e+03
     Coulomb-14        LJ (SR)  Disper. corr.   Coulomb (SR)   Coul. recip.
    4.05459e+04    5.88907e+05   -2.62254e+04   -3.78235e+06    1.70013e+04
      Potential    Kinetic En.   Total Energy  Conserved En.    Temperature
   -3.12474e+06    5.09867e+05   -2.61487e+06   -2.57773e+06    2.99860e+02
 Pres. DC (bar) Pressure (bar)   Constr. rmsd
   -2.16689e+02    1.26517e+02    3.47626e-06

           Step           Time
         310000      620.00000

   Energies (kJ/mol)
           Bond          Angle    Proper Dih. Ryckaert-Bell.          LJ-14
    5.50842e+03    1.38797e+04    8.65093e+02    7.59920e+03    9.75803e+03
     Coulomb-14        LJ (SR)  Disper. corr.   Coulomb (SR)   Coul. recip.
    4.05493e+04    5.86179e+05   -2.61665e+04   -3.77545e+06    1.69299e+04
      Potential    Kinetic En.   Total Energy  Conserved En.    Temperature
   -3.12035e+06    5.11686e+05   -2.60866e+06   -2.57735e+06    3.00929e+02
 Pres. DC (bar) Pressure (bar)   Constr. rmsd
   -2.15717e+02    5.86109e+01    3.73072e-06

           Step           Time
         315000      630.00000

   Energies (kJ/mol)
           Bond          Angle    Proper Dih. Ryckaert-Bell.          LJ-14
    5.64220e+03    1.37684e+04    8.42707e+02    7.40114e+03    9.70385e+03
     Coulomb-14        LJ (SR)  Disper. corr.   Coulomb (SR)   Coul. recip.
    4.04987e+04    5.81407e+05   -2.61137e+04   -3.76859e+06    1.70123e+04
      Potential    Kinetic En.   Total Energy  Conserved En.    Temperature
   -3.11843e+06    5.10233e+05   -2.60820e+06   -2.57696e+06    3.00075e+02
 Pres. DC (bar) Pressure (bar)   Constr. rmsd
   -2.14850e+02   -1.16147e+02    3.64612e-06

Writing checkpoint, step 317960 at Mon Feb 10 15:20:27 2025


           Step           Time
         320000      640.00000

   Energies (kJ/mol)
           Bond          Angle    Proper Dih. Ryckaert-Bell.          LJ-14
    5.26735e+03    1.41687e+04    8.31824e+02    7.52655e+03    9.77455e+03
     Coulomb-14        LJ (SR)  Disper. corr.   Coulomb (SR)   Coul. recip.
    4.03619e+04    5.84168e+05   -2.60870e+04   -3.77527e+06    1.68763e+04
      Potential    Kinetic En.   Total Energy  Conserved En.    Temperature
   -3.12238e+06    5.10954e+05   -2.61143e+06   -2.57638e+06    3.00499e+02
 Pres. DC (bar) Pressure (bar)   Constr. rmsd
   -2.14410e+02   -4.71915e+01    3.50090e-06

           Step           Time
         325000      650.00000

   Energies (kJ/mol)
           Bond          Angle    Proper Dih. Ryckaert-Bell.          LJ-14
    5.15679e+03    1.42600e+04    7.97541e+02    7.43694e+03    9.77636e+03
     Coulomb-14        LJ (SR)  Disper. corr.   Coulomb (SR)   Coul. recip.
    4.05098e+04    5.80113e+05   -2.60939e+04   -3.76819e+06    1.70150e+04
      Potential    Kinetic En.   Total Energy  Conserved En.    Temperature
   -3.11921e+06    5.10134e+05   -2.60908e+06   -2.57582e+06    3.00016e+02
 Pres. DC (bar) Pressure (bar)   Constr. rmsd
   -2.14524e+02   -1.02340e+02    3.42844e-06

           Step           Time
         330000      660.00000

   Energies (kJ/mol)
           Bond          Angle    Proper Dih. Ryckaert-Bell.          LJ-14
    5.67228e+03    1.37900e+04    8.07382e+02    7.43609e+03    9.75794e+03
     Coulomb-14        LJ (SR)  Disper. corr.   Coulomb (SR)   Coul. recip.
    4.04982e+04    5.85217e+05   -2.62235e+04   -3.77291e+06    1.66192e+04
      Potential    Kinetic En.   Total Energy  Conserved En.    Temperature
   -3.11933e+06    5.11148e+05   -2.60818e+06   -2.57525e+06    3.00613e+02
 Pres. DC (bar) Pressure (bar)   Constr. rmsd
   -2.16658e+02    7.80509e+01    3.57852e-06

           Step           Time
         335000      670.00000

   Energies (kJ/mol)
           Bond          Angle    Proper Dih. Ryckaert-Bell.          LJ-14
    5.33047e+03    1.39378e+04    8.34357e+02    7.61145e+03    9.78206e+03
     Coulomb-14        LJ (SR)  Disper. corr.   Coulomb (SR)   Coul. recip.
    4.04755e+04    5.82848e+05   -2.61989e+04   -3.77243e+06    1.66401e+04
      Potential    Kinetic En.   Total Energy  Conserved En.    Temperature
   -3.12117e+06    5.10714e+05   -2.61045e+06   -2.57451e+06    3.00358e+02
 Pres. DC (bar) Pressure (bar)   Constr. rmsd
   -2.16252e+02   -2.45477e+01    3.71462e-06

           Step           Time
         340000      680.00000

   Energies (kJ/mol)
           Bond          Angle    Proper Dih. Ryckaert-Bell.          LJ-14
    5.43757e+03    1.37699e+04    8.41248e+02    7.43086e+03    9.77357e+03
     Coulomb-14        LJ (SR)  Disper. corr.   Coulomb (SR)   Coul. recip.
    4.04051e+04    5.82002e+05   -2.61150e+04   -3.76939e+06    1.69432e+04
      Potential    Kinetic En.   Total Energy  Conserved En.    Temperature
   -3.11890e+06    5.09923e+05   -2.60898e+06   -2.57407e+06    2.99892e+02
 Pres. DC (bar) Pressure (bar)   Constr. rmsd
   -2.14871e+02   -4.92754e+01    3.73818e-06

           Step           Time
         345000      690.00000

   Energies (kJ/mol)
           Bond          Angle    Proper Dih. Ryckaert-Bell.          LJ-14
    5.40960e+03    1.38953e+04    8.26422e+02    7.50785e+03    9.86788e+03
     Coulomb-14        LJ (SR)  Disper. corr.   Coulomb (SR)   Coul. recip.
    4.06198e+04    5.84397e+05   -2.61093e+04   -3.77405e+06    1.68419e+04
      Potential    Kinetic En.   Total Energy  Conserved En.    Temperature
   -3.12080e+06    5.09542e+05   -2.61126e+06   -2.57321e+06    2.99668e+02
 Pres. DC (bar) Pressure (bar)   Constr. rmsd
   -2.14777e+02   -3.60053e+01    3.50552e-06

Writing checkpoint, step 345240 at Mon Feb 10 15:35:28 2025


           Step           Time
         350000      700.00000

   Energies (kJ/mol)
           Bond          Angle    Proper Dih. Ryckaert-Bell.          LJ-14
    5.53623e+03    1.38419e+04    7.54595e+02    7.29877e+03    9.66839e+03
     Coulomb-14        LJ (SR)  Disper. corr.   Coulomb (SR)   Coul. recip.
    4.05937e+04    5.82786e+05   -2.61365e+04   -3.77044e+06    1.68480e+04
      Potential    Kinetic En.   Total Energy  Conserved En.    Temperature
   -3.11925e+06    5.09430e+05   -2.60982e+06   -2.57281e+06    2.99603e+02
 Pres. DC (bar) Pressure (bar)   Constr. rmsd
   -2.15224e+02   -7.29903e+01    3.61300e-06

           Step           Time
         355000      710.00000

   Energies (kJ/mol)
           Bond          Angle    Proper Dih. Ryckaert-Bell.          LJ-14
    5.19554e+03    1.42932e+04    8.57874e+02    7.30224e+03    9.86577e+03
     Coulomb-14        LJ (SR)  Disper. corr.   Coulomb (SR)   Coul. recip.
    4.06270e+04    5.82520e+05   -2.61161e+04   -3.77043e+06    1.68204e+04
      Potential    Kinetic En.   Total Energy  Conserved En.    Temperature
   -3.11906e+06    5.10150e+05   -2.60891e+06   -2.57230e+06    3.00026e+02
 Pres. DC (bar) Pressure (bar)   Constr. rmsd
   -2.14889e+02   -2.58378e+01    3.53716e-06

           Step           Time
         360000      720.00000

   Energies (kJ/mol)
           Bond          Angle    Proper Dih. Ryckaert-Bell.          LJ-14
    5.48111e+03    1.38032e+04    8.53323e+02    7.27123e+03    9.91125e+03
     Coulomb-14        LJ (SR)  Disper. corr.   Coulomb (SR)   Coul. recip.
    4.05151e+04    5.83418e+05   -2.61839e+04   -3.76970e+06    1.67614e+04
      Potential    Kinetic En.   Total Energy  Conserved En.    Temperature
   -3.11787e+06    5.09770e+05   -2.60810e+06   -2.57182e+06    2.99803e+02
 Pres. DC (bar) Pressure (bar)   Constr. rmsd
   -2.16005e+02    4.72817e+01    3.63060e-06

           Step           Time
         365000      730.00000

   Energies (kJ/mol)
           Bond          Angle    Proper Dih. Ryckaert-Bell.          LJ-14
    5.35811e+03    1.39771e+04    8.86904e+02    7.47923e+03    9.75487e+03
     Coulomb-14        LJ (SR)  Disper. corr.   Coulomb (SR)   Coul. recip.
    4.04170e+04    5.85933e+05   -2.60951e+04   -3.77443e+06    1.68026e+04
      Potential    Kinetic En.   Total Energy  Conserved En.    Temperature
   -3.11991e+06    5.13519e+05   -2.60639e+06   -2.57147e+06    3.02007e+02
 Pres. DC (bar) Pressure (bar)   Constr. rmsd
   -2.14544e+02   -2.63334e+01    3.50243e-06

           Step           Time
         370000      740.00000

   Energies (kJ/mol)
           Bond          Angle    Proper Dih. Ryckaert-Bell.          LJ-14
    5.61795e+03    1.39140e+04    8.48231e+02    7.36799e+03    9.62003e+03
     Coulomb-14        LJ (SR)  Disper. corr.   Coulomb (SR)   Coul. recip.
    4.03817e+04    5.87127e+05   -2.61730e+04   -3.77512e+06    1.67811e+04
      Potential    Kinetic En.   Total Energy  Conserved En.    Temperature
   -3.11963e+06    5.09570e+05   -2.61006e+06   -2.57077e+06    2.99685e+02
 Pres. DC (bar) Pressure (bar)   Constr. rmsd
   -2.15825e+02    4.19017e+01    3.62254e-06

Writing checkpoint, step 372000 at Mon Feb 10 15:50:28 2025


           Step           Time
         375000      750.00000

   Energies (kJ/mol)
           Bond          Angle    Proper Dih. Ryckaert-Bell.          LJ-14
    5.57418e+03    1.38947e+04    7.68911e+02    7.40266e+03    9.69373e+03
     Coulomb-14        LJ (SR)  Disper. corr.   Coulomb (SR)   Coul. recip.
    4.03957e+04    5.84671e+05   -2.61502e+04   -3.77504e+06    1.66520e+04
      Potential    Kinetic En.   Total Energy  Conserved En.    Temperature
   -3.12214e+06    5.11596e+05   -2.61054e+06   -2.57036e+06    3.00876e+02
 Pres. DC (bar) Pressure (bar)   Constr. rmsd
   -2.15449e+02   -3.32776e+01    3.53368e-06

